  Array.cpp
  Source.cpp
C:\Users\fartb\source\repos\Project9\Array.inl(205,9): error C2679: бинарный "<<": не найден оператор, принимающий правый операнд типа "Array<int>" (или приемлемое преобразование отсутствует)
  (компиляция исходного файла "Source.cpp")
      C:\Program Files\Microsoft Visual Studio\2022\Community\VC\Tools\MSVC\14.41.34120\include\ostream(486,39):
      может быть "std::basic_ostream<char,std::char_traits<char>> &std::basic_ostream<char,std::char_traits<char>>::operator <<(std::basic_streambuf<char,std::char_traits<char>> *)"
          C:\Users\fartb\source\repos\Project9\Array.inl(205,9):
          "std::basic_ostream<char,std::char_traits<char>> &std::basic_ostream<char,std::char_traits<char>>::operator <<(std::basic_streambuf<char,std::char_traits<char>> *)": невозможно преобразовать аргумент 2 из "Array<int>" в "std::basic_streambuf<char,std::char_traits<char>> *"
              C:\Users\fartb\source\repos\Project9\Array.inl(205,23):
              Для выполнения данного преобразования нет доступного оператора преобразования, определенного пользователем, или вызов оператора невозможен
      C:\Program Files\Microsoft Visual Studio\2022\Community\VC\Tools\MSVC\14.41.34120\include\ostream(454,39):
      или       "std::basic_ostream<char,std::char_traits<char>> &std::basic_ostream<char,std::char_traits<char>>::operator <<(const void *)"
          C:\Users\fartb\source\repos\Project9\Array.inl(205,9):
          "std::basic_ostream<char,std::char_traits<char>> &std::basic_ostream<char,std::char_traits<char>>::operator <<(const void *)": невозможно преобразовать аргумент 2 из "Array<int>" в "const void *"
              C:\Users\fartb\source\repos\Project9\Array.inl(205,23):
              Для выполнения данного преобразования нет доступного оператора преобразования, определенного пользователем, или вызов оператора невозможен
      C:\Program Files\Microsoft Visual Studio\2022\Community\VC\Tools\MSVC\14.41.34120\include\ostream(436,39):
      или       "std::basic_ostream<char,std::char_traits<char>> &std::basic_ostream<char,std::char_traits<char>>::operator <<(long double)"
          C:\Users\fartb\source\repos\Project9\Array.inl(205,9):
          "std::basic_ostream<char,std::char_traits<char>> &std::basic_ostream<char,std::char_traits<char>>::operator <<(long double)": невозможно преобразовать аргумент 2 из "Array<int>" в "long double"
              C:\Users\fartb\source\repos\Project9\Array.inl(205,23):
              Для выполнения данного преобразования нет доступного оператора преобразования, определенного пользователем, или вызов оператора невозможен
      C:\Program Files\Microsoft Visual Studio\2022\Community\VC\Tools\MSVC\14.41.34120\include\ostream(418,39):
      или       "std::basic_ostream<char,std::char_traits<char>> &std::basic_ostream<char,std::char_traits<char>>::operator <<(double)"
          C:\Users\fartb\source\repos\Project9\Array.inl(205,9):
          "std::basic_ostream<char,std::char_traits<char>> &std::basic_ostream<char,std::char_traits<char>>::operator <<(double)": невозможно преобразовать аргумент 2 из "Array<int>" в "double"
              C:\Users\fartb\source\repos\Project9\Array.inl(205,23):
              Для выполнения данного преобразования нет доступного оператора преобразования, определенного пользователем, или вызов оператора невозможен
      C:\Program Files\Microsoft Visual Studio\2022\Community\VC\Tools\MSVC\14.41.34120\include\ostream(400,39):
      или       "std::basic_ostream<char,std::char_traits<char>> &std::basic_ostream<char,std::char_traits<char>>::operator <<(float)"
          C:\Users\fartb\source\repos\Project9\Array.inl(205,9):
          "std::basic_ostream<char,std::char_traits<char>> &std::basic_ostream<char,std::char_traits<char>>::operator <<(float)": невозможно преобразовать аргумент 2 из "Array<int>" в "float"
              C:\Users\fartb\source\repos\Project9\Array.inl(205,23):
              Для выполнения данного преобразования нет доступного оператора преобразования, определенного пользователем, или вызов оператора невозможен
      C:\Program Files\Microsoft Visual Studio\2022\Community\VC\Tools\MSVC\14.41.34120\include\ostream(382,39):
      или       "std::basic_ostream<char,std::char_traits<char>> &std::basic_ostream<char,std::char_traits<char>>::operator <<(unsigned __int64)"
          C:\Users\fartb\source\repos\Project9\Array.inl(205,9):
          "std::basic_ostream<char,std::char_traits<char>> &std::basic_ostream<char,std::char_traits<char>>::operator <<(unsigned __int64)": невозможно преобразовать аргумент 2 из "Array<int>" в "unsigned __int64"
              C:\Users\fartb\source\repos\Project9\Array.inl(205,23):
              Для выполнения данного преобразования нет доступного оператора преобразования, определенного пользователем, или вызов оператора невозможен
      C:\Program Files\Microsoft Visual Studio\2022\Community\VC\Tools\MSVC\14.41.34120\include\ostream(364,39):
      или       "std::basic_ostream<char,std::char_traits<char>> &std::basic_ostream<char,std::char_traits<char>>::operator <<(__int64)"
          C:\Users\fartb\source\repos\Project9\Array.inl(205,9):
          "std::basic_ostream<char,std::char_traits<char>> &std::basic_ostream<char,std::char_traits<char>>::operator <<(__int64)": невозможно преобразовать аргумент 2 из "Array<int>" в "__int64"
              C:\Users\fartb\source\repos\Project9\Array.inl(205,23):
              Для выполнения данного преобразования нет доступного оператора преобразования, определенного пользователем, или вызов оператора невозможен
      C:\Program Files\Microsoft Visual Studio\2022\Community\VC\Tools\MSVC\14.41.34120\include\ostream(346,39):
      или       "std::basic_ostream<char,std::char_traits<char>> &std::basic_ostream<char,std::char_traits<char>>::operator <<(unsigned long)"
          C:\Users\fartb\source\repos\Project9\Array.inl(205,9):
          "std::basic_ostream<char,std::char_traits<char>> &std::basic_ostream<char,std::char_traits<char>>::operator <<(unsigned long)": невозможно преобразовать аргумент 2 из "Array<int>" в "unsigned long"
              C:\Users\fartb\source\repos\Project9\Array.inl(205,23):
              Для выполнения данного преобразования нет доступного оператора преобразования, определенного пользователем, или вызов оператора невозможен
      C:\Program Files\Microsoft Visual Studio\2022\Community\VC\Tools\MSVC\14.41.34120\include\ostream(328,39):
      или       "std::basic_ostream<char,std::char_traits<char>> &std::basic_ostream<char,std::char_traits<char>>::operator <<(long)"
          C:\Users\fartb\source\repos\Project9\Array.inl(205,9):
          "std::basic_ostream<char,std::char_traits<char>> &std::basic_ostream<char,std::char_traits<char>>::operator <<(long)": невозможно преобразовать аргумент 2 из "Array<int>" в "long"
              C:\Users\fartb\source\repos\Project9\Array.inl(205,23):
              Для выполнения данного преобразования нет доступного оператора преобразования, определенного пользователем, или вызов оператора невозможен
      C:\Program Files\Microsoft Visual Studio\2022\Community\VC\Tools\MSVC\14.41.34120\include\ostream(309,39):
      или       "std::basic_ostream<char,std::char_traits<char>> &std::basic_ostream<char,std::char_traits<char>>::operator <<(unsigned int)"
          C:\Users\fartb\source\repos\Project9\Array.inl(205,9):
          "std::basic_ostream<char,std::char_traits<char>> &std::basic_ostream<char,std::char_traits<char>>::operator <<(unsigned int)": невозможно преобразовать аргумент 2 из "Array<int>" в "unsigned int"
              C:\Users\fartb\source\repos\Project9\Array.inl(205,23):
              Для выполнения данного преобразования нет доступного оператора преобразования, определенного пользователем, или вызов оператора невозможен
      C:\Program Files\Microsoft Visual Studio\2022\Community\VC\Tools\MSVC\14.41.34120\include\ostream(283,39):
      или       "std::basic_ostream<char,std::char_traits<char>> &std::basic_ostream<char,std::char_traits<char>>::operator <<(int)"
          C:\Users\fartb\source\repos\Project9\Array.inl(205,9):
          "std::basic_ostream<char,std::char_traits<char>> &std::basic_ostream<char,std::char_traits<char>>::operator <<(int)": невозможно преобразовать аргумент 2 из "Array<int>" в "int"
              C:\Users\fartb\source\repos\Project9\Array.inl(205,23):
              Для выполнения данного преобразования нет доступного оператора преобразования, определенного пользователем, или вызов оператора невозможен
      C:\Program Files\Microsoft Visual Studio\2022\Community\VC\Tools\MSVC\14.41.34120\include\ostream(264,39):
      или       "std::basic_ostream<char,std::char_traits<char>> &std::basic_ostream<char,std::char_traits<char>>::operator <<(unsigned short)"
          C:\Users\fartb\source\repos\Project9\Array.inl(205,9):
          "std::basic_ostream<char,std::char_traits<char>> &std::basic_ostream<char,std::char_traits<char>>::operator <<(unsigned short)": невозможно преобразовать аргумент 2 из "Array<int>" в "unsigned short"
              C:\Users\fartb\source\repos\Project9\Array.inl(205,23):
              Для выполнения данного преобразования нет доступного оператора преобразования, определенного пользователем, или вызов оператора невозможен
      C:\Program Files\Microsoft Visual Studio\2022\Community\VC\Tools\MSVC\14.41.34120\include\ostream(230,39):
      или       "std::basic_ostream<char,std::char_traits<char>> &std::basic_ostream<char,std::char_traits<char>>::operator <<(short)"
          C:\Users\fartb\source\repos\Project9\Array.inl(205,9):
          "std::basic_ostream<char,std::char_traits<char>> &std::basic_ostream<char,std::char_traits<char>>::operator <<(short)": невозможно преобразовать аргумент 2 из "Array<int>" в "short"
              C:\Users\fartb\source\repos\Project9\Array.inl(205,23):
              Для выполнения данного преобразования нет доступного оператора преобразования, определенного пользователем, или вызов оператора невозможен
      C:\Program Files\Microsoft Visual Studio\2022\Community\VC\Tools\MSVC\14.41.34120\include\ostream(212,39):
      или       "std::basic_ostream<char,std::char_traits<char>> &std::basic_ostream<char,std::char_traits<char>>::operator <<(bool)"
          C:\Users\fartb\source\repos\Project9\Array.inl(205,9):
          "std::basic_ostream<char,std::char_traits<char>> &std::basic_ostream<char,std::char_traits<char>>::operator <<(bool)": невозможно преобразовать аргумент 2 из "Array<int>" в "bool"
              C:\Users\fartb\source\repos\Project9\Array.inl(205,23):
              Для выполнения данного преобразования нет доступного оператора преобразования, определенного пользователем, или вызов оператора невозможен
      C:\Program Files\Microsoft Visual Studio\2022\Community\VC\Tools\MSVC\14.41.34120\include\ostream(206,39):
      или       "std::basic_ostream<char,std::char_traits<char>> &std::basic_ostream<char,std::char_traits<char>>::operator <<(std::ios_base &(__cdecl *)(std::ios_base &))"
          C:\Users\fartb\source\repos\Project9\Array.inl(205,9):
          "std::basic_ostream<char,std::char_traits<char>> &std::basic_ostream<char,std::char_traits<char>>::operator <<(std::ios_base &(__cdecl *)(std::ios_base &))": невозможно преобразовать аргумент 2 из "Array<int>" в "std::ios_base &(__cdecl *)(std::ios_base &)"
              C:\Users\fartb\source\repos\Project9\Array.inl(205,23):
              Для выполнения данного преобразования нет доступного оператора преобразования, определенного пользователем, или вызов оператора невозможен
      C:\Program Files\Microsoft Visual Studio\2022\Community\VC\Tools\MSVC\14.41.34120\include\ostream(200,39):
      или       "std::basic_ostream<char,std::char_traits<char>> &std::basic_ostream<char,std::char_traits<char>>::operator <<(std::basic_ios<char,std::char_traits<char>> &(__cdecl *)(std::basic_ios<char,std::char_traits<char>> &))"
          C:\Users\fartb\source\repos\Project9\Array.inl(205,9):
          "std::basic_ostream<char,std::char_traits<char>> &std::basic_ostream<char,std::char_traits<char>>::operator <<(std::basic_ios<char,std::char_traits<char>> &(__cdecl *)(std::basic_ios<char,std::char_traits<char>> &))": невозможно преобразовать аргумент 2 из "Array<int>" в "std::basic_ios<char,std::char_traits<char>> &(__cdecl *)(std::basic_ios<char,std::char_traits<char>> &)"
              C:\Users\fartb\source\repos\Project9\Array.inl(205,23):
              Для выполнения данного преобразования нет доступного оператора преобразования, определенного пользователем, или вызов оператора невозможен
      C:\Program Files\Microsoft Visual Studio\2022\Community\VC\Tools\MSVC\14.41.34120\include\ostream(195,39):
      или       "std::basic_ostream<char,std::char_traits<char>> &std::basic_ostream<char,std::char_traits<char>>::operator <<(std::basic_ostream<char,std::char_traits<char>> &(__cdecl *)(std::basic_ostream<char,std::char_traits<char>> &))"
          C:\Users\fartb\source\repos\Project9\Array.inl(205,9):
          "std::basic_ostream<char,std::char_traits<char>> &std::basic_ostream<char,std::char_traits<char>>::operator <<(std::basic_ostream<char,std::char_traits<char>> &(__cdecl *)(std::basic_ostream<char,std::char_traits<char>> &))": невозможно преобразовать аргумент 2 из "Array<int>" в "std::basic_ostream<char,std::char_traits<char>> &(__cdecl *)(std::basic_ostream<char,std::char_traits<char>> &)"
              C:\Users\fartb\source\repos\Project9\Array.inl(205,23):
              Для выполнения данного преобразования нет доступного оператора преобразования, определенного пользователем, или вызов оператора невозможен
      C:\Program Files\Microsoft Visual Studio\2022\Community\VC\Tools\MSVC\14.41.34120\include\ostream(1088,32):
      или       "std::basic_ostream<_Elem,_Traits> &std::operator <<(std::basic_ostream<_Elem,_Traits> &,const std::error_code &)"
          C:\Users\fartb\source\repos\Project9\Array.inl(205,23):
          инициализация: невозможно преобразовать "Array<int>" в "const std::error_code &"
              C:\Users\fartb\source\repos\Project9\Array.inl(205,23):
              Причина: невозможно преобразовать "Array<int>" в "const std::error_code"
              C:\Users\fartb\source\repos\Project9\Array.inl(205,23):
              Для выполнения данного преобразования нет доступного оператора преобразования, определенного пользователем, или вызов оператора невозможен
      C:\Program Files\Microsoft Visual Studio\2022\Community\VC\Tools\MSVC\14.41.34120\include\ostream(1011,9):
      или       "_Ostr &&std::operator <<(_Ostr &&,const _Ty &)"
          C:\Users\fartb\source\repos\Project9\Array.inl(205,9):
          "_Ostr &&std::operator <<(_Ostr &&,const _Ty &)": не удается вывести аргумент шаблон для "__formal"
              C:\Program Files\Microsoft Visual Studio\2022\Community\VC\Tools\MSVC\14.41.34120\include\ostream(1010,103):
              "<template-parameter>": невозможно создать указатель на ссылку
      C:\Program Files\Microsoft Visual Studio\2022\Community\VC\Tools\MSVC\14.41.34120\include\ostream(953,31):
      или       "std::basic_ostream<char,_Traits> &std::operator <<(std::basic_ostream<char,_Traits> &,unsigned char)"
          C:\Users\fartb\source\repos\Project9\Array.inl(205,23):
          инициализация: невозможно преобразовать "Array<int>" в "unsigned char"
              C:\Users\fartb\source\repos\Project9\Array.inl(205,23):
              Для выполнения данного преобразования нет доступного оператора преобразования, определенного пользователем, или вызов оператора невозможен
      C:\Program Files\Microsoft Visual Studio\2022\Community\VC\Tools\MSVC\14.41.34120\include\ostream(947,31):
      или       "std::basic_ostream<char,_Traits> &std::operator <<(std::basic_ostream<char,_Traits> &,const unsigned char *)"
          C:\Users\fartb\source\repos\Project9\Array.inl(205,23):
          инициализация: невозможно преобразовать "Array<int>" в "const unsigned char *"
              C:\Users\fartb\source\repos\Project9\Array.inl(205,23):
              Для выполнения данного преобразования нет доступного оператора преобразования, определенного пользователем, или вызов оператора невозможен
      C:\Program Files\Microsoft Visual Studio\2022\Community\VC\Tools\MSVC\14.41.34120\include\ostream(942,31):
      или       "std::basic_ostream<char,_Traits> &std::operator <<(std::basic_ostream<char,_Traits> &,signed char)"
          C:\Users\fartb\source\repos\Project9\Array.inl(205,23):
          инициализация: невозможно преобразовать "Array<int>" в "signed char"
              C:\Users\fartb\source\repos\Project9\Array.inl(205,23):
              Для выполнения данного преобразования нет доступного оператора преобразования, определенного пользователем, или вызов оператора невозможен
      C:\Program Files\Microsoft Visual Studio\2022\Community\VC\Tools\MSVC\14.41.34120\include\ostream(936,31):
      или       "std::basic_ostream<char,_Traits> &std::operator <<(std::basic_ostream<char,_Traits> &,const signed char *)"
          C:\Users\fartb\source\repos\Project9\Array.inl(205,23):
          инициализация: невозможно преобразовать "Array<int>" в "const signed char *"
              C:\Users\fartb\source\repos\Project9\Array.inl(205,23):
              Для выполнения данного преобразования нет доступного оператора преобразования, определенного пользователем, или вызов оператора невозможен
      C:\Program Files\Microsoft Visual Studio\2022\Community\VC\Tools\MSVC\14.41.34120\include\ostream(900,32):
      или       "std::basic_ostream<_Elem,_Traits> &std::operator <<(std::basic_ostream<_Elem,_Traits> &,_Elem)"
          C:\Users\fartb\source\repos\Project9\Array.inl(205,9):
          "std::basic_ostream<_Elem,_Traits> &std::operator <<(std::basic_ostream<_Elem,_Traits> &,_Elem)": в шаблон параметр "_Elem" неоднозначен
              C:\Users\fartb\source\repos\Project9\Array.inl(205,9):
              может быть "Array<int>"
              C:\Users\fartb\source\repos\Project9\Array.inl(205,9):
              или       "char"
          C:\Users\fartb\source\repos\Project9\Array.inl(205,9):
          'std::basic_ostream<_Elem,_Traits> &std::operator <<(std::basic_ostream<_Elem,_Traits> &,_Elem)': не удалось вывести аргумент шаблон для '_Elem' из 'Array<int>'
      C:\Program Files\Microsoft Visual Studio\2022\Community\VC\Tools\MSVC\14.41.34120\include\ostream(857,32):
      или       "std::basic_ostream<_Elem,_Traits> &std::operator <<(std::basic_ostream<_Elem,_Traits> &,const _Elem *)"
          C:\Users\fartb\source\repos\Project9\Array.inl(205,9):
          'std::basic_ostream<_Elem,_Traits> &std::operator <<(std::basic_ostream<_Elem,_Traits> &,const _Elem *)': не удалось вывести аргумент шаблон для 'const _Elem *' из 'Array<int>'
      C:\Program Files\Microsoft Visual Studio\2022\Community\VC\Tools\MSVC\14.41.34120\include\ostream(819,31):
      или       "std::basic_ostream<char,_Traits> &std::operator <<(std::basic_ostream<char,_Traits> &,char)"
          C:\Users\fartb\source\repos\Project9\Array.inl(205,23):
          инициализация: невозможно преобразовать "Array<int>" в "char"
              C:\Users\fartb\source\repos\Project9\Array.inl(205,23):
              Для выполнения данного преобразования нет доступного оператора преобразования, определенного пользователем, или вызов оператора невозможен
      C:\Program Files\Microsoft Visual Studio\2022\Community\VC\Tools\MSVC\14.41.34120\include\ostream(774,31):
      или       "std::basic_ostream<char,_Traits> &std::operator <<(std::basic_ostream<char,_Traits> &,const char *)"
          C:\Users\fartb\source\repos\Project9\Array.inl(205,23):
          инициализация: невозможно преобразовать "Array<int>" в "const char *"
              C:\Users\fartb\source\repos\Project9\Array.inl(205,23):
              Для выполнения данного преобразования нет доступного оператора преобразования, определенного пользователем, или вызов оператора невозможен
      C:\Program Files\Microsoft Visual Studio\2022\Community\VC\Tools\MSVC\14.41.34120\include\ostream(738,32):
      или       "std::basic_ostream<_Elem,_Traits> &std::operator <<(std::basic_ostream<_Elem,_Traits> &,char)"
          C:\Users\fartb\source\repos\Project9\Array.inl(205,23):
          инициализация: невозможно преобразовать "Array<int>" в "char"
              C:\Users\fartb\source\repos\Project9\Array.inl(205,23):
              Для выполнения данного преобразования нет доступного оператора преобразования, определенного пользователем, или вызов оператора невозможен
      C:\Program Files\Microsoft Visual Studio\2022\Community\VC\Tools\MSVC\14.41.34120\include\ostream(694,32):
      или       "std::basic_ostream<_Elem,_Traits> &std::operator <<(std::basic_ostream<_Elem,_Traits> &,const char *)"
          C:\Users\fartb\source\repos\Project9\Array.inl(205,23):
          инициализация: невозможно преобразовать "Array<int>" в "const char *"
              C:\Users\fartb\source\repos\Project9\Array.inl(205,23):
              Для выполнения данного преобразования нет доступного оператора преобразования, определенного пользователем, или вызов оператора невозможен
      C:\Program Files\Microsoft Visual Studio\2022\Community\VC\Tools\MSVC\14.41.34120\include\memory(3761,32):
      или       "std::basic_ostream<_Elem,_Traits> &std::operator <<(std::basic_ostream<_Elem,_Traits> &,const std::unique_ptr<_Ty2,_Dx2> &)"
          C:\Users\fartb\source\repos\Project9\Array.inl(205,9):
          'std::basic_ostream<_Elem,_Traits> &std::operator <<(std::basic_ostream<_Elem,_Traits> &,const std::unique_ptr<_Ty2,_Dx2> &)': не удалось вывести аргумент шаблон для 'const std::unique_ptr<_Ty2,_Dx2> &' из 'Array<int>'
      C:\Program Files\Microsoft Visual Studio\2022\Community\VC\Tools\MSVC\14.41.34120\include\memory(1979,32):
      или       "std::basic_ostream<_Elem,_Traits> &std::operator <<(std::basic_ostream<_Elem,_Traits> &,const std::shared_ptr<_Ty> &)"
          C:\Users\fartb\source\repos\Project9\Array.inl(205,9):
          'std::basic_ostream<_Elem,_Traits> &std::operator <<(std::basic_ostream<_Elem,_Traits> &,const std::shared_ptr<_Ty> &)': не удалось вывести аргумент шаблон для 'const std::shared_ptr<_Ty> &' из 'Array<int>'
      C:\Program Files\Microsoft Visual Studio\2022\Community\VC\Tools\MSVC\14.41.34120\include\xstring(3420,32):
      или       "std::basic_ostream<_Elem,_Traits> &std::operator <<(std::basic_ostream<_Elem,_Traits> &,const std::basic_string<_Elem,_Traits,_Alloc> &)"
          C:\Users\fartb\source\repos\Project9\Array.inl(205,9):
          'std::basic_ostream<_Elem,_Traits> &std::operator <<(std::basic_ostream<_Elem,_Traits> &,const std::basic_string<_Elem,_Traits,_Alloc> &)': не удалось вывести аргумент шаблон для 'const std::basic_string<_Elem,_Traits,_Alloc> &' из 'Array<int>'
      C:\Program Files\Microsoft Visual Studio\2022\Community\VC\Tools\MSVC\14.41.34120\include\xstring(3420,32):
      или       "std::basic_ostream<_Elem,_Traits> &std::operator <<(std::basic_ostream<_Elem,_Traits> &,const std::basic_string<_Elem,_Traits,_Alloc> &)"
          C:\Users\fartb\source\repos\Project9\Array.inl(205,9):
          'std::basic_ostream<_Elem,_Traits> &std::operator <<(std::basic_ostream<_Elem,_Traits> &,const std::basic_string<_Elem,_Traits,_Alloc> &)': не удалось вывести аргумент шаблон для 'const std::basic_string<_Elem,_Traits,_Alloc> &' из 'Array<int>'
      C:\Program Files\Microsoft Visual Studio\2022\Community\VC\Tools\MSVC\14.41.34120\include\memory(1979,32):
      или       "std::basic_ostream<_Elem,_Traits> &std::operator <<(std::basic_ostream<_Elem,_Traits> &,const std::shared_ptr<_Ty> &)"
          C:\Users\fartb\source\repos\Project9\Array.inl(205,9):
          'std::basic_ostream<_Elem,_Traits> &std::operator <<(std::basic_ostream<_Elem,_Traits> &,const std::shared_ptr<_Ty> &)': не удалось вывести аргумент шаблон для 'const std::shared_ptr<_Ty> &' из 'Array<int>'
      C:\Program Files\Microsoft Visual Studio\2022\Community\VC\Tools\MSVC\14.41.34120\include\memory(3761,32):
      или       "std::basic_ostream<_Elem,_Traits> &std::operator <<(std::basic_ostream<_Elem,_Traits> &,const std::unique_ptr<_Ty2,_Dx2> &)"
          C:\Users\fartb\source\repos\Project9\Array.inl(205,9):
          'std::basic_ostream<_Elem,_Traits> &std::operator <<(std::basic_ostream<_Elem,_Traits> &,const std::unique_ptr<_Ty2,_Dx2> &)': не удалось вывести аргумент шаблон для 'const std::unique_ptr<_Ty2,_Dx2> &' из 'Array<int>'
      C:\Program Files\Microsoft Visual Studio\2022\Community\VC\Tools\MSVC\14.41.34120\include\ostream(694,32):
      или       "std::basic_ostream<_Elem,_Traits> &std::operator <<(std::basic_ostream<_Elem,_Traits> &,const char *)"
          C:\Users\fartb\source\repos\Project9\Array.inl(205,23):
          инициализация: невозможно преобразовать "Array<int>" в "const char *"
              C:\Users\fartb\source\repos\Project9\Array.inl(205,23):
              Для выполнения данного преобразования нет доступного оператора преобразования, определенного пользователем, или вызов оператора невозможен
      C:\Program Files\Microsoft Visual Studio\2022\Community\VC\Tools\MSVC\14.41.34120\include\ostream(738,32):
      или       "std::basic_ostream<_Elem,_Traits> &std::operator <<(std::basic_ostream<_Elem,_Traits> &,char)"
          C:\Users\fartb\source\repos\Project9\Array.inl(205,23):
          инициализация: невозможно преобразовать "Array<int>" в "char"
              C:\Users\fartb\source\repos\Project9\Array.inl(205,23):
              Для выполнения данного преобразования нет доступного оператора преобразования, определенного пользователем, или вызов оператора невозможен
      C:\Program Files\Microsoft Visual Studio\2022\Community\VC\Tools\MSVC\14.41.34120\include\ostream(774,31):
      или       "std::basic_ostream<char,_Traits> &std::operator <<(std::basic_ostream<char,_Traits> &,const char *)"
          C:\Users\fartb\source\repos\Project9\Array.inl(205,23):
          инициализация: невозможно преобразовать "Array<int>" в "const char *"
              C:\Users\fartb\source\repos\Project9\Array.inl(205,23):
              Для выполнения данного преобразования нет доступного оператора преобразования, определенного пользователем, или вызов оператора невозможен
      C:\Program Files\Microsoft Visual Studio\2022\Community\VC\Tools\MSVC\14.41.34120\include\ostream(819,31):
      или       "std::basic_ostream<char,_Traits> &std::operator <<(std::basic_ostream<char,_Traits> &,char)"
          C:\Users\fartb\source\repos\Project9\Array.inl(205,23):
          инициализация: невозможно преобразовать "Array<int>" в "char"
              C:\Users\fartb\source\repos\Project9\Array.inl(205,23):
              Для выполнения данного преобразования нет доступного оператора преобразования, определенного пользователем, или вызов оператора невозможен
      C:\Program Files\Microsoft Visual Studio\2022\Community\VC\Tools\MSVC\14.41.34120\include\ostream(857,32):
      или       "std::basic_ostream<_Elem,_Traits> &std::operator <<(std::basic_ostream<_Elem,_Traits> &,const _Elem *)"
          C:\Users\fartb\source\repos\Project9\Array.inl(205,9):
          'std::basic_ostream<_Elem,_Traits> &std::operator <<(std::basic_ostream<_Elem,_Traits> &,const _Elem *)': не удалось вывести аргумент шаблон для 'const _Elem *' из 'Array<int>'
      C:\Program Files\Microsoft Visual Studio\2022\Community\VC\Tools\MSVC\14.41.34120\include\ostream(900,32):
      или       "std::basic_ostream<_Elem,_Traits> &std::operator <<(std::basic_ostream<_Elem,_Traits> &,_Elem)"
          C:\Users\fartb\source\repos\Project9\Array.inl(205,9):
          "std::basic_ostream<_Elem,_Traits> &std::operator <<(std::basic_ostream<_Elem,_Traits> &,_Elem)": в шаблон параметр "_Elem" неоднозначен
              C:\Users\fartb\source\repos\Project9\Array.inl(205,9):
              может быть "Array<int>"
              C:\Users\fartb\source\repos\Project9\Array.inl(205,9):
              или       "char"
          C:\Users\fartb\source\repos\Project9\Array.inl(205,9):
          'std::basic_ostream<_Elem,_Traits> &std::operator <<(std::basic_ostream<_Elem,_Traits> &,_Elem)': не удалось вывести аргумент шаблон для '_Elem' из 'Array<int>'
      C:\Program Files\Microsoft Visual Studio\2022\Community\VC\Tools\MSVC\14.41.34120\include\ostream(936,31):
      или       "std::basic_ostream<char,_Traits> &std::operator <<(std::basic_ostream<char,_Traits> &,const signed char *)"
          C:\Users\fartb\source\repos\Project9\Array.inl(205,23):
          инициализация: невозможно преобразовать "Array<int>" в "const signed char *"
              C:\Users\fartb\source\repos\Project9\Array.inl(205,23):
              Для выполнения данного преобразования нет доступного оператора преобразования, определенного пользователем, или вызов оператора невозможен
      C:\Program Files\Microsoft Visual Studio\2022\Community\VC\Tools\MSVC\14.41.34120\include\ostream(942,31):
      или       "std::basic_ostream<char,_Traits> &std::operator <<(std::basic_ostream<char,_Traits> &,signed char)"
          C:\Users\fartb\source\repos\Project9\Array.inl(205,23):
          инициализация: невозможно преобразовать "Array<int>" в "signed char"
              C:\Users\fartb\source\repos\Project9\Array.inl(205,23):
              Для выполнения данного преобразования нет доступного оператора преобразования, определенного пользователем, или вызов оператора невозможен
      C:\Program Files\Microsoft Visual Studio\2022\Community\VC\Tools\MSVC\14.41.34120\include\ostream(947,31):
      или       "std::basic_ostream<char,_Traits> &std::operator <<(std::basic_ostream<char,_Traits> &,const unsigned char *)"
          C:\Users\fartb\source\repos\Project9\Array.inl(205,23):
          инициализация: невозможно преобразовать "Array<int>" в "const unsigned char *"
              C:\Users\fartb\source\repos\Project9\Array.inl(205,23):
              Для выполнения данного преобразования нет доступного оператора преобразования, определенного пользователем, или вызов оператора невозможен
      C:\Program Files\Microsoft Visual Studio\2022\Community\VC\Tools\MSVC\14.41.34120\include\ostream(953,31):
      или       "std::basic_ostream<char,_Traits> &std::operator <<(std::basic_ostream<char,_Traits> &,unsigned char)"
          C:\Users\fartb\source\repos\Project9\Array.inl(205,23):
          инициализация: невозможно преобразовать "Array<int>" в "unsigned char"
              C:\Users\fartb\source\repos\Project9\Array.inl(205,23):
              Для выполнения данного преобразования нет доступного оператора преобразования, определенного пользователем, или вызов оператора невозможен
      C:\Program Files\Microsoft Visual Studio\2022\Community\VC\Tools\MSVC\14.41.34120\include\ostream(1011,9):
      или       "_Ostr &&std::operator <<(_Ostr &&,const _Ty &)"
          C:\Users\fartb\source\repos\Project9\Array.inl(205,9):
          "_Ostr &&std::operator <<(_Ostr &&,const _Ty &)": не удается вывести аргумент шаблон для "__formal"
              C:\Program Files\Microsoft Visual Studio\2022\Community\VC\Tools\MSVC\14.41.34120\include\ostream(1010,103):
              "<template-parameter>": невозможно создать указатель на ссылку
      C:\Program Files\Microsoft Visual Studio\2022\Community\VC\Tools\MSVC\14.41.34120\include\ostream(1088,32):
      или       "std::basic_ostream<_Elem,_Traits> &std::operator <<(std::basic_ostream<_Elem,_Traits> &,const std::error_code &)"
          C:\Users\fartb\source\repos\Project9\Array.inl(205,23):
          инициализация: невозможно преобразовать "Array<int>" в "const std::error_code &"
              C:\Users\fartb\source\repos\Project9\Array.inl(205,23):
              Причина: невозможно преобразовать "Array<int>" в "const std::error_code"
              C:\Users\fartb\source\repos\Project9\Array.inl(205,23):
              Для выполнения данного преобразования нет доступного оператора преобразования, определенного пользователем, или вызов оператора невозможен
      C:\Users\fartb\source\repos\Project9\Array.inl(205,9):
      при попытке сопоставить список аргументов "(std::ostream, Array<int>)"
      C:\Users\fartb\source\repos\Project9\Array.inl(205,9):
      контекст создания экземпляра шаблона (сначала самый старый)
          C:\Users\fartb\source\repos\Project9\Source.cpp(6,13):
          выполняется компиляция ссылки на экземпляр класс шаблон функции "Array<int>"
          C:\Users\fartb\source\repos\Project9\Array.inl(197,1):
          во время компиляции функции-члена класс шаблон "void Array<int>::InsertAt(int,int)"
              C:\Users\fartb\source\repos\Project9\Source.cpp(24,14):
              см. первую ссылку на "Array<int>::InsertAt" в "main"
  
  Создание кода...
